--------------------------------------------------------------------------------
Release 14.7 Trace  (nt)
Copyright (c) 1995-2013 Xilinx, Inc.  All rights reserved.

C:\Xilinx\14.7\ISE_DS\ISE\bin\nt\unwrapped\trce.exe -intstyle ise -v 3 -s 1 -n
3 -fastpaths -xml D_74LS138.twx D_74LS138.ncd -o D_74LS138.twr D_74LS138.pcf

Design file:              D_74LS138.ncd
Physical constraint file: D_74LS138.pcf
Device,package,speed:     xc7k160t,ffg676,C,-1 (PRODUCTION 1.10 2013-10-13)
Report level:             verbose report

Environment Variable      Effect 
--------------------      ------ 
NONE                      No environment variables were set
--------------------------------------------------------------------------------

INFO:Timing:2698 - No timing constraints found, doing default enumeration.
INFO:Timing:3412 - To improve timing, see the Timing Closure User Guide (UG612).
INFO:Timing:2752 - To get complete path coverage, use the unconstrained paths 
   option. All paths that are not constrained will be reported in the 
   unconstrained paths section(s) of the report.
INFO:Timing:3339 - The clock-to-out numbers in this timing report are based on 
   a 50 Ohm transmission line loading model.  For the details of this model, 
   and for more information on accounting for different loading conditions, 
   please see the device datasheet.



Data Sheet report:
-----------------
All values displayed in nanoseconds (ns)

Pad to Pad
---------------+---------------+---------+
Source Pad     |Destination Pad|  Delay  |
---------------+---------------+---------+
A              |Y<0>           |    7.120|
A              |Y<1>           |    6.894|
A              |Y<2>           |    7.406|
A              |Y<3>           |    7.000|
A              |Y<4>           |    7.004|
A              |Y<5>           |    6.771|
A              |Y<6>           |    6.911|
A              |Y<7>           |    6.840|
B              |Y<0>           |    6.913|
B              |Y<1>           |    6.978|
B              |Y<2>           |    7.209|
B              |Y<3>           |    7.302|
B              |Y<4>           |    6.797|
B              |Y<5>           |    6.855|
B              |Y<6>           |    6.714|
B              |Y<7>           |    7.142|
C              |Y<0>           |    6.522|
C              |Y<1>           |    6.505|
C              |Y<2>           |    6.420|
C              |Y<3>           |    6.430|
C              |Y<4>           |    6.397|
C              |Y<5>           |    6.528|
C              |Y<6>           |    6.579|
C              |Y<7>           |    6.684|
G              |Y<0>           |    6.795|
G              |Y<1>           |    6.827|
G              |Y<2>           |    6.867|
G              |Y<3>           |    6.732|
G              |Y<4>           |    6.937|
G              |Y<5>           |    6.844|
G              |Y<6>           |    6.632|
G              |Y<7>           |    6.725|
G2A            |Y<0>           |    6.851|
G2A            |Y<1>           |    6.883|
G2A            |Y<2>           |    6.923|
G2A            |Y<3>           |    6.788|
G2A            |Y<4>           |    6.993|
G2A            |Y<5>           |    6.900|
G2A            |Y<6>           |    6.688|
G2A            |Y<7>           |    6.781|
G2B            |Y<0>           |    7.073|
G2B            |Y<1>           |    7.105|
G2B            |Y<2>           |    7.145|
G2B            |Y<3>           |    7.010|
G2B            |Y<4>           |    7.215|
G2B            |Y<5>           |    7.122|
G2B            |Y<6>           |    6.910|
G2B            |Y<7>           |    7.003|
---------------+---------------+---------+


Analysis completed Wed Nov 02 10:20:43 2016 
--------------------------------------------------------------------------------

Trace Settings:
-------------------------
Trace Settings 

Peak Memory Usage: 475 MB



