Running: C:\Xilinx\14.7\ISE_DS\ISE\bin\nt\unwrapped\fuse.exe -intstyle ise -incremental -lib unisims_ver -lib unimacro_ver -lib xilinxcorelib_ver -lib secureip -o E:/3150102238/D_74LS138_SCH/D_74LS138_D_74LS138_sch_tb_isim_beh.exe -prj E:/3150102238/D_74LS138_SCH/D_74LS138_D_74LS138_sch_tb_beh.prj work.D_74LS138_D_74LS138_sch_tb work.glbl 
ISim P.20131013 (signature 0x8ef4fb42)
Number of CPUs detected in this system: 2
Turning on mult-threading, number of parallel sub-compilation jobs: 4 
Determining compilation order of HDL files
Analyzing Verilog file "E:/3150102238/D_74LS138_SCH/D_74LS138.vf" into library work
Analyzing Verilog file "E:/3150102238/D_74LS138_SCH/D_74LS138_SIM.v" into library work
Analyzing Verilog file "C:/Xilinx/14.7/ISE_DS/ISE//verilog/src/glbl.v" into library work
Starting static elaboration
Completed static elaboration
Fuse Memory Usage: 105608 KB
Fuse CPU Usage: 343 ms
Compiling module AND2
Compiling module NAND3
Compiling module INV
Compiling module NOR3
Compiling module D_74LS138
Compiling module D_74LS138_D_74LS138_sch_tb
Compiling module glbl
Time Resolution for simulation is 1ps.
Waiting for 4 sub-compilation(s) to finish...
Compiled 7 Verilog Units
Built simulation executable E:/3150102238/D_74LS138_SCH/D_74LS138_D_74LS138_sch_tb_isim_beh.exe
Fuse Memory Usage: 110200 KB
Fuse CPU Usage: 389 ms
