--------------------------------------------------------------------------------
Release 14.7 Trace  (nt)
Copyright (c) 1995-2013 Xilinx, Inc.  All rights reserved.

C:\Xilinx\14.7\ISE_DS\ISE\bin\nt\unwrapped\trce.exe -intstyle ise -v 3 -s 1 -n
3 -fastpaths -xml DispNumber_sch.twx DispNumber_sch.ncd -o DispNumber_sch.twr
DispNumber_sch.pcf -ucf K7.ucf

Design file:              DispNumber_sch.ncd
Physical constraint file: DispNumber_sch.pcf
Device,package,speed:     xc7k160t,ffg676,C,-1 (PRODUCTION 1.10 2013-10-13)
Report level:             verbose report

Environment Variable      Effect 
--------------------      ------ 
NONE                      No environment variables were set
--------------------------------------------------------------------------------

INFO:Timing:2698 - No timing constraints found, doing default enumeration.
INFO:Timing:3412 - To improve timing, see the Timing Closure User Guide (UG612).
INFO:Timing:2752 - To get complete path coverage, use the unconstrained paths 
   option. All paths that are not constrained will be reported in the 
   unconstrained paths section(s) of the report.
INFO:Timing:3339 - The clock-to-out numbers in this timing report are based on 
   a 50 Ohm transmission line loading model.  For the details of this model, 
   and for more information on accounting for different loading conditions, 
   please see the device datasheet.



Data Sheet report:
-----------------
All values displayed in nanoseconds (ns)

Pad to Pad
---------------+---------------+---------+
Source Pad     |Destination Pad|  Delay  |
---------------+---------------+---------+
BTN<0>         |SEGMENT<0>     |    9.816|
BTN<0>         |SEGMENT<1>     |    9.665|
BTN<0>         |SEGMENT<2>     |   10.110|
BTN<0>         |SEGMENT<3>     |    9.232|
BTN<0>         |SEGMENT<4>     |    9.610|
BTN<0>         |SEGMENT<5>     |    9.180|
BTN<0>         |SEGMENT<6>     |    9.181|
BTN<1>         |SEGMENT<7>     |    8.155|
SW<0>          |SEGMENT<0>     |   10.866|
SW<0>          |SEGMENT<1>     |   10.457|
SW<0>          |SEGMENT<2>     |   10.708|
SW<0>          |SEGMENT<3>     |   10.193|
SW<0>          |SEGMENT<4>     |    9.808|
SW<0>          |SEGMENT<5>     |   10.244|
SW<0>          |SEGMENT<6>     |    9.664|
SW<1>          |SEGMENT<0>     |   11.274|
SW<1>          |SEGMENT<1>     |   10.887|
SW<1>          |SEGMENT<2>     |   10.845|
SW<1>          |SEGMENT<3>     |   10.941|
SW<1>          |SEGMENT<4>     |   10.760|
SW<1>          |SEGMENT<5>     |   10.652|
SW<1>          |SEGMENT<6>     |   10.379|
SW<2>          |SEGMENT<0>     |   11.144|
SW<2>          |SEGMENT<1>     |   11.195|
SW<2>          |SEGMENT<2>     |   11.446|
SW<2>          |SEGMENT<3>     |   10.914|
SW<2>          |SEGMENT<4>     |   10.824|
SW<2>          |SEGMENT<5>     |   10.522|
SW<2>          |SEGMENT<6>     |   10.384|
SW<3>          |SEGMENT<0>     |   11.054|
SW<3>          |SEGMENT<1>     |   10.691|
SW<3>          |SEGMENT<2>     |   10.942|
SW<3>          |SEGMENT<3>     |   10.976|
SW<3>          |SEGMENT<4>     |   10.078|
SW<3>          |SEGMENT<5>     |   10.225|
SW<3>          |SEGMENT<6>     |    9.884|
SW<4>          |AN<0>          |    8.739|
SW<5>          |AN<1>          |    8.789|
SW<6>          |AN<2>          |    8.722|
SW<7>          |AN<3>          |    8.701|
---------------+---------------+---------+


Analysis completed Tue Nov 08 17:38:26 2016 
--------------------------------------------------------------------------------

Trace Settings:
-------------------------
Trace Settings 

Peak Memory Usage: 474 MB



