--------------------------------------------------------------------------------
Release 14.7 Trace  (nt)
Copyright (c) 1995-2013 Xilinx, Inc.  All rights reserved.

C:\Xilinx\14.7\ISE_DS\ISE\bin\nt\unwrapped\trce.exe -intstyle ise -v 3 -s 1 -n
3 -fastpaths -xml Top.twx Top.ncd -o Top.twr Top.pcf -ucf k7.ucf

Design file:              Top.ncd
Physical constraint file: Top.pcf
Device,package,speed:     xc7k160t,ffg676,C,-1 (PRODUCTION 1.10 2013-10-13)
Report level:             verbose report

Environment Variable      Effect 
--------------------      ------ 
NONE                      No environment variables were set
--------------------------------------------------------------------------------

INFO:Timing:2698 - No timing constraints found, doing default enumeration.
INFO:Timing:3412 - To improve timing, see the Timing Closure User Guide (UG612).
INFO:Timing:2752 - To get complete path coverage, use the unconstrained paths 
   option. All paths that are not constrained will be reported in the 
   unconstrained paths section(s) of the report.
INFO:Timing:3339 - The clock-to-out numbers in this timing report are based on 
   a 50 Ohm transmission line loading model.  For the details of this model, 
   and for more information on accounting for different loading conditions, 
   please see the device datasheet.



Data Sheet report:
-----------------
All values displayed in nanoseconds (ns)

Clock clk to Pad
------------+-----------------+------------+-----------------+------------+------------------+--------+
            |Max (slowest) clk|  Process   |Min (fastest) clk|  Process   |                  | Clock  |
Destination |  (edge) to PAD  |   Corner   |  (edge) to PAD  |   Corner   |Internal Clock(s) | Phase  |
------------+-----------------+------------+-----------------+------------+------------------+--------+
AN<0>       |        11.970(R)|      SLOW  |         4.420(R)|      FAST  |clk_BUFGP         |   0.000|
AN<1>       |        12.056(R)|      SLOW  |         4.500(R)|      FAST  |clk_BUFGP         |   0.000|
AN<2>       |        12.171(R)|      SLOW  |         4.424(R)|      FAST  |clk_BUFGP         |   0.000|
AN<3>       |        11.850(R)|      SLOW  |         4.444(R)|      FAST  |clk_BUFGP         |   0.000|
SEGMENT<0>  |        14.266(R)|      SLOW  |         4.812(R)|      FAST  |clk_BUFGP         |   0.000|
SEGMENT<1>  |        14.490(R)|      SLOW  |         4.696(R)|      FAST  |clk_BUFGP         |   0.000|
SEGMENT<2>  |        14.479(R)|      SLOW  |         4.724(R)|      FAST  |clk_BUFGP         |   0.000|
SEGMENT<3>  |        14.405(R)|      SLOW  |         4.722(R)|      FAST  |clk_BUFGP         |   0.000|
SEGMENT<4>  |        13.634(R)|      SLOW  |         4.741(R)|      FAST  |clk_BUFGP         |   0.000|
SEGMENT<5>  |        14.004(R)|      SLOW  |         4.808(R)|      FAST  |clk_BUFGP         |   0.000|
SEGMENT<6>  |        13.211(R)|      SLOW  |         4.592(R)|      FAST  |clk_BUFGP         |   0.000|
------------+-----------------+------------+-----------------+------------+------------------+--------+

Clock to Setup on destination clock clk
---------------+---------+---------+---------+---------+
               | Src:Rise| Src:Fall| Src:Rise| Src:Fall|
Source Clock   |Dest:Rise|Dest:Rise|Dest:Fall|Dest:Fall|
---------------+---------+---------+---------+---------+
clk            |    2.730|         |         |         |
---------------+---------+---------+---------+---------+

Pad to Pad
---------------+---------------+---------+
Source Pad     |Destination Pad|  Delay  |
---------------+---------------+---------+
SW             |Rc             |    9.980|
---------------+---------------+---------+


Analysis completed Fri Dec 09 11:43:50 2016 
--------------------------------------------------------------------------------

Trace Settings:
-------------------------
Trace Settings 

Peak Memory Usage: 472 MB



