Running: C:\Xilinx\14.7\ISE_DS\ISE\bin\nt64\unwrapped\fuse.exe -intstyle ise -incremental -lib unisims_ver -lib unimacro_ver -lib xilinxcorelib_ver -lib secureip -o Y:/Desktop/p10/MyLATCHS/MS_FLIPFLOP_MS_FLIPFLOP_sch_tb_isim_beh.exe -prj Y:/Desktop/p10/MyLATCHS/MS_FLIPFLOP_MS_FLIPFLOP_sch_tb_beh.prj work.MS_FLIPFLOP_MS_FLIPFLOP_sch_tb work.glbl 
ISim P.20131013 (signature 0x7708f090)
Number of CPUs detected in this system: 2
Turning on mult-threading, number of parallel sub-compilation jobs: 4 
Determining compilation order of HDL files
Analyzing Verilog file "Y:/Desktop/p10/MyLATCHS/CSR_LATCH.vf" into library work
Analyzing Verilog file "Y:/Desktop/p10/MyLATCHS/MS_FLIPFLOP.vf" into library work
Analyzing Verilog file "Y:/Desktop/p10/MyLATCHS/MS_FLIPFLOP_sim.v" into library work
Analyzing Verilog file "C:/Xilinx/14.7/ISE_DS/ISE//verilog/src/glbl.v" into library work
Starting static elaboration
Completed static elaboration
Compiling module NAND2
Compiling module CSR_LATCH_MUSER_MS_FLIPFLOP
Compiling module INV
Compiling module MS_FLIPFLOP
Compiling module MS_FLIPFLOP_MS_FLIPFLOP_sch_tb
Compiling module glbl
Time Resolution for simulation is 1ps.
Waiting for 3 sub-compilation(s) to finish...
Compiled 6 Verilog Units
Built simulation executable Y:/Desktop/p10/MyLATCHS/MS_FLIPFLOP_MS_FLIPFLOP_sch_tb_isim_beh.exe
Fuse Memory Usage: 27416 KB
Fuse CPU Usage: 529 ms
