Release 14.7 - xst P.20131013 (nt)
Copyright (c) 1995-2013 Xilinx, Inc.  All rights reserved.
--> Parameter TMPDIR set to xst/projnav.tmp


Total REAL time to Xst completion: 1.00 secs
Total CPU time to Xst completion: 0.96 secs
 
--> Parameter xsthdpdir set to xst


Total REAL time to Xst completion: 1.00 secs
Total CPU time to Xst completion: 0.97 secs
 
--> Reading design: disp_num.prj

TABLE OF CONTENTS
  1) Synthesis Options Summary
  2) HDL Parsing
  3) HDL Elaboration
  4) HDL Synthesis
       4.1) HDL Synthesis Report
  5) Advanced HDL Synthesis
       5.1) Advanced HDL Synthesis Report
  6) Low Level Synthesis
  7) Partition Report
  8) Design Summary
       8.1) Primitive and Black Box Usage
       8.2) Device utilization summary
       8.3) Partition Resource Summary
       8.4) Timing Report
            8.4.1) Clock Information
            8.4.2) Asynchronous Control Signals Information
            8.4.3) Timing Summary
            8.4.4) Timing Details
            8.4.5) Cross Clock Domains Report


=========================================================================
*                      Synthesis Options Summary                        *
=========================================================================
---- Source Parameters
Input File Name                    : "disp_num.prj"
Ignore Synthesis Constraint File   : NO

---- Target Parameters
Output File Name                   : "disp_num"
Output Format                      : NGC
Target Device                      : xc7k160t-2L-fbg676

---- Source Options
Top Module Name                    : disp_num
Automatic FSM Extraction           : YES
FSM Encoding Algorithm             : Auto
Safe Implementation                : No
FSM Style                          : LUT
RAM Extraction                     : Yes
RAM Style                          : Auto
ROM Extraction                     : Yes
Shift Register Extraction          : YES
ROM Style                          : Auto
Resource Sharing                   : YES
Asynchronous To Synchronous        : NO
Shift Register Minimum Size        : 2
Use DSP Block                      : Auto
Automatic Register Balancing       : No

---- Target Options
LUT Combining                      : Auto
Reduce Control Sets                : Auto
Add IO Buffers                     : YES
Global Maximum Fanout              : 100000
Add Generic Clock Buffer(BUFG)     : 32
Register Duplication               : YES
Optimize Instantiated Primitives   : NO
Use Clock Enable                   : Auto
Use Synchronous Set                : Auto
Use Synchronous Reset              : Auto
Pack IO Registers into IOBs        : Auto
Equivalent register Removal        : YES

---- General Options
Optimization Goal                  : Speed
Optimization Effort                : 1
Power Reduction                    : NO
Keep Hierarchy                     : No
Netlist Hierarchy                  : As_Optimized
RTL Output                         : Yes
Global Optimization                : AllClockNets
Read Cores                         : YES
Write Timing Constraints           : NO
Cross Clock Analysis               : NO
Hierarchy Separator                : /
Bus Delimiter                      : <>
Case Specifier                     : Maintain
Slice Utilization Ratio            : 100
BRAM Utilization Ratio             : 100
DSP48 Utilization Ratio            : 100
Auto BRAM Packing                  : NO
Slice Utilization Ratio Delta      : 5

=========================================================================


=========================================================================
*                          HDL Parsing                                  *
=========================================================================
Analyzing Verilog file "E:\3150103623_DDD\ScoreBoard\Mux4to1_drc.vf" into library work
Parsing module <Mux4to1>.
Analyzing Verilog file "E:\3150103623_DDD\ScoreBoard\Mux4to14b_drc.vf" into library work
Parsing module <Mux4to14b>.
Analyzing Verilog file "E:\3150103623_DDD\ScoreBoard\MyMC14495.vf" into library work
Parsing module <MyMC14495>.
Analyzing Verilog file "E:\3150103623_DDD\ScoreBoard\DisplaySync.vf" into library work
Parsing module <DisplaySync>.
Analyzing Verilog file "E:\3150103623_DDD\ScoreBoard\clkdiv.v" into library work
Parsing module <clkdiv>.
Analyzing Verilog file "E:\3150103623_DDD\ScoreBoard\disp_num.vf" into library work
Parsing module <DisplaySync_MUSER_disp_num>.
Parsing module <disp_num>.

=========================================================================
*                            HDL Elaboration                            *
=========================================================================

Elaborating module <disp_num>.

Elaborating module <clkdiv>.

Elaborating module <MyMC14495>.

Elaborating module <AND4>.

Elaborating module <AND3>.

Elaborating module <AND2>.

Elaborating module <INV>.

Elaborating module <OR3>.

Elaborating module <OR4>.

Elaborating module <OR2>.

Elaborating module <DisplaySync_MUSER_disp_num>.

Elaborating module <Mux4to14b>.

Elaborating module <Mux4to1>.

Elaborating module <VCC>.

Elaborating module <GND>.

=========================================================================
*                           HDL Synthesis                               *
=========================================================================

Synthesizing Unit <disp_num>.
    Related source file is "E:\3150103623_DDD\ScoreBoard\disp_num.vf".
    Summary:
	no macro.
Unit <disp_num> synthesized.

Synthesizing Unit <clkdiv>.
    Related source file is "E:\3150103623_DDD\ScoreBoard\clkdiv.v".
    Found 32-bit register for signal <clkdiv>.
    Found 32-bit adder for signal <clkdiv[31]_GND_2_o_add_0_OUT> created at line 27.
    Summary:
	inferred   1 Adder/Subtractor(s).
	inferred  32 D-type flip-flop(s).
Unit <clkdiv> synthesized.

Synthesizing Unit <MyMC14495>.
    Related source file is "E:\3150103623_DDD\ScoreBoard\MyMC14495.vf".
    Summary:
	no macro.
Unit <MyMC14495> synthesized.

Synthesizing Unit <DisplaySync_MUSER_disp_num>.
    Related source file is "E:\3150103623_DDD\ScoreBoard\disp_num.vf".
    Summary:
	no macro.
Unit <DisplaySync_MUSER_disp_num> synthesized.

Synthesizing Unit <Mux4to14b>.
    Related source file is "E:\3150103623_DDD\ScoreBoard\Mux4to14b_drc.vf".
    Summary:
	no macro.
Unit <Mux4to14b> synthesized.

Synthesizing Unit <Mux4to1>.
    Related source file is "E:\3150103623_DDD\ScoreBoard\Mux4to1_drc.vf".
    Summary:
	no macro.
Unit <Mux4to1> synthesized.

=========================================================================
HDL Synthesis Report

Macro Statistics
# Adders/Subtractors                                   : 1
 32-bit adder                                          : 1
# Registers                                            : 1
 32-bit register                                       : 1

=========================================================================

=========================================================================
*                       Advanced HDL Synthesis                          *
=========================================================================


Synthesizing (advanced) Unit <clkdiv>.
The following registers are absorbed into counter <clkdiv>: 1 register on signal <clkdiv>.
Unit <clkdiv> synthesized (advanced).

=========================================================================
Advanced HDL Synthesis Report

Macro Statistics
# Counters                                             : 1
 32-bit up counter                                     : 1

=========================================================================

=========================================================================
*                         Low Level Synthesis                           *
=========================================================================
WARNING:Xst:2677 - Node <XLXI_1/clkdiv_19> of sequential type is unconnected in block <disp_num>.
WARNING:Xst:2677 - Node <XLXI_1/clkdiv_20> of sequential type is unconnected in block <disp_num>.
WARNING:Xst:2677 - Node <XLXI_1/clkdiv_21> of sequential type is unconnected in block <disp_num>.
WARNING:Xst:2677 - Node <XLXI_1/clkdiv_22> of sequential type is unconnected in block <disp_num>.
WARNING:Xst:2677 - Node <XLXI_1/clkdiv_23> of sequential type is unconnected in block <disp_num>.
WARNING:Xst:2677 - Node <XLXI_1/clkdiv_24> of sequential type is unconnected in block <disp_num>.
WARNING:Xst:2677 - Node <XLXI_1/clkdiv_25> of sequential type is unconnected in block <disp_num>.
WARNING:Xst:2677 - Node <XLXI_1/clkdiv_26> of sequential type is unconnected in block <disp_num>.
WARNING:Xst:2677 - Node <XLXI_1/clkdiv_27> of sequential type is unconnected in block <disp_num>.
WARNING:Xst:2677 - Node <XLXI_1/clkdiv_28> of sequential type is unconnected in block <disp_num>.
WARNING:Xst:2677 - Node <XLXI_1/clkdiv_29> of sequential type is unconnected in block <disp_num>.
WARNING:Xst:2677 - Node <XLXI_1/clkdiv_30> of sequential type is unconnected in block <disp_num>.
WARNING:Xst:2677 - Node <XLXI_1/clkdiv_31> of sequential type is unconnected in block <disp_num>.

Optimizing unit <disp_num> ...

Optimizing unit <Mux4to14b> ...

Optimizing unit <Mux4to1> ...

Optimizing unit <MyMC14495> ...

Mapping all equations...
Building and optimizing final netlist ...
Found area constraint ratio of 100 (+ 5) on block disp_num, actual ratio is 0.

Final Macro Processing ...

=========================================================================
Final Register Report

Macro Statistics
# Registers                                            : 19
 Flip-Flops                                            : 19

=========================================================================

=========================================================================
*                           Partition Report                            *
=========================================================================

Partition Implementation Status
-------------------------------

  No Partitions were found in this design.

-------------------------------

=========================================================================
*                            Design Summary                             *
=========================================================================

Top Level Output File Name         : disp_num.ngc

Primitive and Black Box Usage:
------------------------------
# BELS                             : 172
#      AND2                        : 57
#      AND3                        : 11
#      AND4                        : 9
#      GND                         : 1
#      INV                         : 14
#      LUT1                        : 18
#      MUXCY                       : 18
#      OR2                         : 7
#      OR3                         : 3
#      OR4                         : 14
#      VCC                         : 1
#      XORCY                       : 19
# FlipFlops/Latches                : 19
#      FDC                         : 19
# Clock Buffers                    : 1
#      BUFGP                       : 1
# IO Buffers                       : 38
#      IBUF                        : 25
#      OBUF                        : 13

Device utilization summary:
---------------------------

Selected Device : 7k160tfbg676-2l 


Slice Logic Utilization: 
 Number of Slice Registers:              19  out of  202800     0%  
 Number of Slice LUTs:                   32  out of  101400     0%  
    Number used as Logic:                32  out of  101400     0%  

Slice Logic Distribution: 
 Number of LUT Flip Flop pairs used:     32
   Number with an unused Flip Flop:      13  out of     32    40%  
   Number with an unused LUT:             0  out of     32     0%  
   Number of fully used LUT-FF pairs:    19  out of     32    59%  
   Number of unique control sets:         1

IO Utilization: 
 Number of IOs:                          39
 Number of bonded IOBs:                  39  out of    400     9%  

Specific Feature Utilization:
 Number of BUFG/BUFGCTRLs:                1  out of     32     3%  

---------------------------
Partition Resource Summary:
---------------------------

  No Partitions were found in this design.

---------------------------


=========================================================================
Timing Report

NOTE: THESE TIMING NUMBERS ARE ONLY A SYNTHESIS ESTIMATE.
      FOR ACCURATE TIMING INFORMATION PLEASE REFER TO THE TRACE REPORT
      GENERATED AFTER PLACE-and-ROUTE.

Clock Information:
------------------
-----------------------------------+------------------------+-------+
Clock Signal                       | Clock buffer(FF name)  | Load  |
-----------------------------------+------------------------+-------+
clk                                | BUFGP                  | 19    |
-----------------------------------+------------------------+-------+

Asynchronous Control Signals Information:
----------------------------------------
No asynchronous control signals found in this design

Timing Summary:
---------------
Speed Grade: -2

   Minimum period: 1.359ns (Maximum Frequency: 736.025MHz)
   Minimum input arrival time before clock: 0.704ns
   Maximum output required time after clock: 6.015ns
   Maximum combinational path delay: 4.376ns

Timing Details:
---------------
All values displayed in nanoseconds (ns)

=========================================================================
Timing constraint: Default period analysis for Clock 'clk'
  Clock period: 1.359ns (frequency: 736.025MHz)
  Total number of paths / destination ports: 190 / 19
-------------------------------------------------------------------------
Delay:               1.359ns (Levels of Logic = 20)
  Source:            XLXI_1/clkdiv_0 (FF)
  Destination:       XLXI_1/clkdiv_18 (FF)
  Source Clock:      clk rising
  Destination Clock: clk rising

  Data Path: XLXI_1/clkdiv_0 to XLXI_1/clkdiv_18
                                Gate     Net
    Cell:in->out      fanout   Delay   Delay  Logical Name (Net Name)
    ----------------------------------------  ------------
     FDC:C->Q              1   0.236   0.339  XLXI_1/clkdiv_0 (XLXI_1/clkdiv_0)
     INV:I->O              1   0.054   0.000  XLXI_1/Mcount_clkdiv_lut<0>_INV_0 (XLXI_1/Mcount_clkdiv_lut<0>)
     MUXCY:S->O            1   0.238   0.000  XLXI_1/Mcount_clkdiv_cy<0> (XLXI_1/Mcount_clkdiv_cy<0>)
     MUXCY:CI->O           1   0.014   0.000  XLXI_1/Mcount_clkdiv_cy<1> (XLXI_1/Mcount_clkdiv_cy<1>)
     MUXCY:CI->O           1   0.014   0.000  XLXI_1/Mcount_clkdiv_cy<2> (XLXI_1/Mcount_clkdiv_cy<2>)
     MUXCY:CI->O           1   0.014   0.000  XLXI_1/Mcount_clkdiv_cy<3> (XLXI_1/Mcount_clkdiv_cy<3>)
     MUXCY:CI->O           1   0.014   0.000  XLXI_1/Mcount_clkdiv_cy<4> (XLXI_1/Mcount_clkdiv_cy<4>)
     MUXCY:CI->O           1   0.014   0.000  XLXI_1/Mcount_clkdiv_cy<5> (XLXI_1/Mcount_clkdiv_cy<5>)
     MUXCY:CI->O           1   0.014   0.000  XLXI_1/Mcount_clkdiv_cy<6> (XLXI_1/Mcount_clkdiv_cy<6>)
     MUXCY:CI->O           1   0.014   0.000  XLXI_1/Mcount_clkdiv_cy<7> (XLXI_1/Mcount_clkdiv_cy<7>)
     MUXCY:CI->O           1   0.014   0.000  XLXI_1/Mcount_clkdiv_cy<8> (XLXI_1/Mcount_clkdiv_cy<8>)
     MUXCY:CI->O           1   0.014   0.000  XLXI_1/Mcount_clkdiv_cy<9> (XLXI_1/Mcount_clkdiv_cy<9>)
     MUXCY:CI->O           1   0.014   0.000  XLXI_1/Mcount_clkdiv_cy<10> (XLXI_1/Mcount_clkdiv_cy<10>)
     MUXCY:CI->O           1   0.014   0.000  XLXI_1/Mcount_clkdiv_cy<11> (XLXI_1/Mcount_clkdiv_cy<11>)
     MUXCY:CI->O           1   0.014   0.000  XLXI_1/Mcount_clkdiv_cy<12> (XLXI_1/Mcount_clkdiv_cy<12>)
     MUXCY:CI->O           1   0.014   0.000  XLXI_1/Mcount_clkdiv_cy<13> (XLXI_1/Mcount_clkdiv_cy<13>)
     MUXCY:CI->O           1   0.014   0.000  XLXI_1/Mcount_clkdiv_cy<14> (XLXI_1/Mcount_clkdiv_cy<14>)
     MUXCY:CI->O           1   0.014   0.000  XLXI_1/Mcount_clkdiv_cy<15> (XLXI_1/Mcount_clkdiv_cy<15>)
     MUXCY:CI->O           1   0.014   0.000  XLXI_1/Mcount_clkdiv_cy<16> (XLXI_1/Mcount_clkdiv_cy<16>)
     MUXCY:CI->O           0   0.014   0.000  XLXI_1/Mcount_clkdiv_cy<17> (XLXI_1/Mcount_clkdiv_cy<17>)
     XORCY:CI->O           1   0.262   0.000  XLXI_1/Mcount_clkdiv_xor<18> (Result<18>)
     FDC:D                    -0.000          XLXI_1/clkdiv_18
    ----------------------------------------
    Total                      1.359ns (1.019ns logic, 0.339ns route)
                                       (75.0% logic, 25.0% route)

=========================================================================
Timing constraint: Default OFFSET IN BEFORE for Clock 'clk'
  Total number of paths / destination ports: 19 / 19
-------------------------------------------------------------------------
Offset:              0.704ns (Levels of Logic = 1)
  Source:            RST (PAD)
  Destination:       XLXI_1/clkdiv_0 (FF)
  Destination Clock: clk rising

  Data Path: RST to XLXI_1/clkdiv_0
                                Gate     Net
    Cell:in->out      fanout   Delay   Delay  Logical Name (Net Name)
    ----------------------------------------  ------------
     IBUF:I->O            19   0.000   0.440  RST_IBUF (RST_IBUF)
     FDC:CLR                   0.264          XLXI_1/clkdiv_0
    ----------------------------------------
    Total                      0.704ns (0.264ns logic, 0.440ns route)
                                       (37.5% logic, 62.5% route)

=========================================================================
Timing constraint: Default OFFSET OUT AFTER for Clock 'clk'
  Total number of paths / destination ports: 784 / 12
-------------------------------------------------------------------------
Offset:              6.015ns (Levels of Logic = 9)
  Source:            XLXI_1/clkdiv_17 (FF)
  Destination:       Segment<0> (PAD)
  Source Clock:      clk rising

  Data Path: XLXI_1/clkdiv_17 to Segment<0>
                                Gate     Net
    Cell:in->out      fanout   Delay   Delay  Logical Name (Net Name)
    ----------------------------------------  ------------
     FDC:C->Q             13   0.236   0.407  XLXI_1/clkdiv_17 (XLXI_1/clkdiv_17)
     INV:I->O              2   0.317   0.608  XLXI_3/XLXI_1/XLXI_2 (XLXI_3/XLXI_1/XLXN_5)
     AND2:I1->O            4   0.053   0.620  XLXI_3/XLXI_1/XLXI_5 (XLXI_3/XLXI_1/XLXN_19)
     AND2:I1->O            1   0.053   0.603  XLXI_3/XLXI_1/XLXI_12 (XLXI_3/XLXI_1/XLXN_59)
     OR4:I1->O            11   0.053   0.395  XLXI_3/XLXI_1/XLXI_24 (HEX<1>)
     INV:I->O              8   0.317   0.534  XLXI_2/XLXI_24 (XLXI_2/XLXN_3)
     AND4:I3->O            2   0.161   0.500  XLXI_2/AD18 (XLXI_2/XLXN_35)
     OR4:I3->O             1   0.161   0.603  XLXI_2/XLXI_27 (XLXI_2/XLXN_76)
     OR2:I1->O             1   0.053   0.339  XLXI_2/XLXI_34 (Segment_5_OBUF)
     OBUF:I->O                 0.000          Segment_5_OBUF (Segment<5>)
    ----------------------------------------
    Total                      6.015ns (1.404ns logic, 4.611ns route)
                                       (23.3% logic, 76.7% route)

=========================================================================
Timing constraint: Default path analysis
  Total number of paths / destination ports: 376 / 8
-------------------------------------------------------------------------
Delay:               4.376ns (Levels of Logic = 8)
  Source:            HEXS<13> (PAD)
  Destination:       Segment<0> (PAD)

  Data Path: HEXS<13> to Segment<0>
                                Gate     Net
    Cell:in->out      fanout   Delay   Delay  Logical Name (Net Name)
    ----------------------------------------  ------------
     IBUF:I->O             1   0.000   0.613  HEXS_13_IBUF (HEXS_13_IBUF)
     AND2:I0->O            1   0.043   0.613  XLXI_3/XLXI_1/XLXI_13 (XLXI_3/XLXI_1/XLXN_60)
     OR4:I0->O            11   0.043   0.395  XLXI_3/XLXI_1/XLXI_24 (HEX<1>)
     INV:I->O              8   0.317   0.534  XLXI_2/XLXI_24 (XLXI_2/XLXN_3)
     AND4:I3->O            2   0.161   0.500  XLXI_2/AD18 (XLXI_2/XLXN_35)
     OR4:I3->O             1   0.161   0.603  XLXI_2/XLXI_27 (XLXI_2/XLXN_76)
     OR2:I1->O             1   0.053   0.339  XLXI_2/XLXI_34 (Segment_5_OBUF)
     OBUF:I->O                 0.000          Segment_5_OBUF (Segment<5>)
    ----------------------------------------
    Total                      4.376ns (0.778ns logic, 3.598ns route)
                                       (17.8% logic, 82.2% route)

=========================================================================

Cross Clock Domains Report:
--------------------------

Clock to Setup on destination clock clk
---------------+---------+---------+---------+---------+
               | Src:Rise| Src:Fall| Src:Rise| Src:Fall|
Source Clock   |Dest:Rise|Dest:Rise|Dest:Fall|Dest:Fall|
---------------+---------+---------+---------+---------+
clk            |    1.359|         |         |         |
---------------+---------+---------+---------+---------+

=========================================================================


Total REAL time to Xst completion: 13.00 secs
Total CPU time to Xst completion: 12.65 secs
 
--> 

Total memory usage is 236464 kilobytes

Number of errors   :    0 (   0 filtered)
Number of warnings :   13 (   0 filtered)
Number of infos    :    0 (   0 filtered)

