--------------------------------------------------------------------------------
Release 14.7 Trace  (nt)
Copyright (c) 1995-2013 Xilinx, Inc.  All rights reserved.

C:\Xilinx\14.7\ISE_DS\ISE\bin\nt\unwrapped\trce.exe -intstyle ise -v 3 -s 2L -n
3 -fastpaths -xml top.twx top.ncd -o top.twr top.pcf -ucf K7.ucf

Design file:              top.ncd
Physical constraint file: top.pcf
Device,package,speed:     xc7k160t,fbg676,C,-2L (PRODUCTION 1.10 2013-10-13)
Report level:             verbose report

Environment Variable      Effect 
--------------------      ------ 
NONE                      No environment variables were set
--------------------------------------------------------------------------------

INFO:Timing:2698 - No timing constraints found, doing default enumeration.
INFO:Timing:3412 - To improve timing, see the Timing Closure User Guide (UG612).
INFO:Timing:2752 - To get complete path coverage, use the unconstrained paths 
   option. All paths that are not constrained will be reported in the 
   unconstrained paths section(s) of the report.
INFO:Timing:3339 - The clock-to-out numbers in this timing report are based on 
   a 50 Ohm transmission line loading model.  For the details of this model, 
   and for more information on accounting for different loading conditions, 
   please see the device datasheet.



Data Sheet report:
-----------------
All values displayed in nanoseconds (ns)

Clock btn<0> to Pad
------------+-----------------+------------+-----------------+------------+------------------+--------+
            |Max (slowest) clk|  Process   |Min (fastest) clk|  Process   |                  | Clock  |
Destination |  (edge) to PAD  |   Corner   |  (edge) to PAD  |   Corner   |Internal Clock(s) | Phase  |
------------+-----------------+------------+-----------------+------------+------------------+--------+
SEGMENT<0>  |        12.398(R)|      SLOW  |         5.011(R)|      FAST  |btn_0_BUFGP       |   0.000|
SEGMENT<1>  |        12.146(R)|      SLOW  |         5.085(R)|      FAST  |btn_0_BUFGP       |   0.000|
SEGMENT<2>  |        12.264(R)|      SLOW  |         4.995(R)|      FAST  |btn_0_BUFGP       |   0.000|
SEGMENT<3>  |        12.373(R)|      SLOW  |         5.094(R)|      FAST  |btn_0_BUFGP       |   0.000|
SEGMENT<4>  |        11.868(R)|      SLOW  |         5.072(R)|      FAST  |btn_0_BUFGP       |   0.000|
SEGMENT<5>  |        12.223(R)|      SLOW  |         5.016(R)|      FAST  |btn_0_BUFGP       |   0.000|
SEGMENT<6>  |        11.522(R)|      SLOW  |         4.859(R)|      FAST  |btn_0_BUFGP       |   0.000|
------------+-----------------+------------+-----------------+------------+------------------+--------+

Clock btn<1> to Pad
------------+-----------------+------------+-----------------+------------+------------------+--------+
            |Max (slowest) clk|  Process   |Min (fastest) clk|  Process   |                  | Clock  |
Destination |  (edge) to PAD  |   Corner   |  (edge) to PAD  |   Corner   |Internal Clock(s) | Phase  |
------------+-----------------+------------+-----------------+------------+------------------+--------+
SEGMENT<0>  |        12.209(R)|      SLOW  |         4.963(R)|      FAST  |btn_1_BUFGP       |   0.000|
SEGMENT<1>  |        12.015(R)|      SLOW  |         4.950(R)|      FAST  |btn_1_BUFGP       |   0.000|
SEGMENT<2>  |        12.133(R)|      SLOW  |         4.860(R)|      FAST  |btn_1_BUFGP       |   0.000|
SEGMENT<3>  |        12.184(R)|      SLOW  |         4.959(R)|      FAST  |btn_1_BUFGP       |   0.000|
SEGMENT<4>  |        11.748(R)|      SLOW  |         4.977(R)|      FAST  |btn_1_BUFGP       |   0.000|
SEGMENT<5>  |        12.140(R)|      SLOW  |         4.881(R)|      FAST  |btn_1_BUFGP       |   0.000|
SEGMENT<6>  |        11.405(R)|      SLOW  |         4.726(R)|      FAST  |btn_1_BUFGP       |   0.000|
------------+-----------------+------------+-----------------+------------+------------------+--------+

Clock btn<2> to Pad
------------+-----------------+------------+-----------------+------------+------------------+--------+
            |Max (slowest) clk|  Process   |Min (fastest) clk|  Process   |                  | Clock  |
Destination |  (edge) to PAD  |   Corner   |  (edge) to PAD  |   Corner   |Internal Clock(s) | Phase  |
------------+-----------------+------------+-----------------+------------+------------------+--------+
SEGMENT<0>  |        12.703(R)|      SLOW  |         5.134(R)|      FAST  |btn_2_BUFGP       |   0.000|
SEGMENT<1>  |        12.370(R)|      SLOW  |         5.121(R)|      FAST  |btn_2_BUFGP       |   0.000|
SEGMENT<2>  |        12.488(R)|      SLOW  |         5.031(R)|      FAST  |btn_2_BUFGP       |   0.000|
SEGMENT<3>  |        12.678(R)|      SLOW  |         5.130(R)|      FAST  |btn_2_BUFGP       |   0.000|
SEGMENT<4>  |        12.053(R)|      SLOW  |         5.211(R)|      FAST  |btn_2_BUFGP       |   0.000|
SEGMENT<5>  |        12.445(R)|      SLOW  |         5.052(R)|      FAST  |btn_2_BUFGP       |   0.000|
SEGMENT<6>  |        11.710(R)|      SLOW  |         4.973(R)|      FAST  |btn_2_BUFGP       |   0.000|
------------+-----------------+------------+-----------------+------------+------------------+--------+

Clock btn<3> to Pad
------------+-----------------+------------+-----------------+------------+------------------+--------+
            |Max (slowest) clk|  Process   |Min (fastest) clk|  Process   |                  | Clock  |
Destination |  (edge) to PAD  |   Corner   |  (edge) to PAD  |   Corner   |Internal Clock(s) | Phase  |
------------+-----------------+------------+-----------------+------------+------------------+--------+
SEGMENT<0>  |        12.754(R)|      SLOW  |         5.195(R)|      FAST  |btn_3_BUFGP       |   0.000|
SEGMENT<1>  |        12.544(R)|      SLOW  |         5.192(R)|      FAST  |btn_3_BUFGP       |   0.000|
SEGMENT<2>  |        12.662(R)|      SLOW  |         5.102(R)|      FAST  |btn_3_BUFGP       |   0.000|
SEGMENT<3>  |        12.729(R)|      SLOW  |         5.201(R)|      FAST  |btn_3_BUFGP       |   0.000|
SEGMENT<4>  |        12.266(R)|      SLOW  |         5.256(R)|      FAST  |btn_3_BUFGP       |   0.000|
SEGMENT<5>  |        12.621(R)|      SLOW  |         5.123(R)|      FAST  |btn_3_BUFGP       |   0.000|
SEGMENT<6>  |        11.797(R)|      SLOW  |         5.034(R)|      FAST  |btn_3_BUFGP       |   0.000|
------------+-----------------+------------+-----------------+------------+------------------+--------+

Clock clk to Pad
------------+-----------------+------------+-----------------+------------+------------------+--------+
            |Max (slowest) clk|  Process   |Min (fastest) clk|  Process   |                  | Clock  |
Destination |  (edge) to PAD  |   Corner   |  (edge) to PAD  |   Corner   |Internal Clock(s) | Phase  |
------------+-----------------+------------+-----------------+------------+------------------+--------+
AN<0>       |        10.934(R)|      SLOW  |         4.537(R)|      FAST  |clk_BUFGP         |   0.000|
AN<1>       |        11.004(R)|      SLOW  |         4.566(R)|      FAST  |clk_BUFGP         |   0.000|
AN<2>       |        11.222(R)|      SLOW  |         4.624(R)|      FAST  |clk_BUFGP         |   0.000|
AN<3>       |        11.043(R)|      SLOW  |         4.569(R)|      FAST  |clk_BUFGP         |   0.000|
SEGMENT<0>  |        14.710(R)|      SLOW  |         4.703(R)|      FAST  |clk_BUFGP         |   0.000|
SEGMENT<1>  |        14.942(R)|      SLOW  |         4.891(R)|      FAST  |clk_BUFGP         |   0.000|
SEGMENT<2>  |        14.802(R)|      SLOW  |         4.801(R)|      FAST  |clk_BUFGP         |   0.000|
SEGMENT<3>  |        14.764(R)|      SLOW  |         4.807(R)|      FAST  |clk_BUFGP         |   0.000|
SEGMENT<4>  |        14.807(R)|      SLOW  |         4.764(R)|      FAST  |clk_BUFGP         |   0.000|
SEGMENT<5>  |        14.925(R)|      SLOW  |         4.822(R)|      FAST  |clk_BUFGP         |   0.000|
SEGMENT<6>  |        14.602(R)|      SLOW  |         4.567(R)|      FAST  |clk_BUFGP         |   0.000|
SEGMENT<7>  |        13.786(R)|      SLOW  |         6.138(R)|      FAST  |clk_BUFGP         |   0.000|
------------+-----------------+------------+-----------------+------------+------------------+--------+

Clock to Setup on destination clock btn<0>
---------------+---------+---------+---------+---------+
               | Src:Rise| Src:Fall| Src:Rise| Src:Fall|
Source Clock   |Dest:Rise|Dest:Rise|Dest:Fall|Dest:Fall|
---------------+---------+---------+---------+---------+
btn<0>         |    0.652|         |         |         |
---------------+---------+---------+---------+---------+

Clock to Setup on destination clock btn<1>
---------------+---------+---------+---------+---------+
               | Src:Rise| Src:Fall| Src:Rise| Src:Fall|
Source Clock   |Dest:Rise|Dest:Rise|Dest:Fall|Dest:Fall|
---------------+---------+---------+---------+---------+
btn<1>         |    0.695|         |         |         |
---------------+---------+---------+---------+---------+

Clock to Setup on destination clock btn<2>
---------------+---------+---------+---------+---------+
               | Src:Rise| Src:Fall| Src:Rise| Src:Fall|
Source Clock   |Dest:Rise|Dest:Rise|Dest:Fall|Dest:Fall|
---------------+---------+---------+---------+---------+
btn<2>         |    0.637|         |         |         |
---------------+---------+---------+---------+---------+

Clock to Setup on destination clock btn<3>
---------------+---------+---------+---------+---------+
               | Src:Rise| Src:Fall| Src:Rise| Src:Fall|
Source Clock   |Dest:Rise|Dest:Rise|Dest:Fall|Dest:Fall|
---------------+---------+---------+---------+---------+
btn<3>         |    0.644|         |         |         |
---------------+---------+---------+---------+---------+

Clock to Setup on destination clock clk
---------------+---------+---------+---------+---------+
               | Src:Rise| Src:Fall| Src:Rise| Src:Fall|
Source Clock   |Dest:Rise|Dest:Rise|Dest:Fall|Dest:Fall|
---------------+---------+---------+---------+---------+
clk            |    1.157|         |         |         |
---------------+---------+---------+---------+---------+

Pad to Pad
---------------+---------------+---------+
Source Pad     |Destination Pad|  Delay  |
---------------+---------------+---------+
SW<0>          |SEGMENT<7>     |    8.329|
SW<1>          |SEGMENT<7>     |    8.417|
SW<2>          |SEGMENT<7>     |    8.113|
SW<3>          |SEGMENT<7>     |    8.265|
SW<4>          |SEGMENT<0>     |    9.155|
SW<4>          |SEGMENT<1>     |    9.387|
SW<4>          |SEGMENT<2>     |    9.247|
SW<4>          |SEGMENT<3>     |    9.209|
SW<4>          |SEGMENT<4>     |    9.252|
SW<4>          |SEGMENT<5>     |    9.370|
SW<4>          |SEGMENT<6>     |    9.047|
SW<5>          |SEGMENT<0>     |    9.300|
SW<5>          |SEGMENT<1>     |    9.532|
SW<5>          |SEGMENT<2>     |    9.392|
SW<5>          |SEGMENT<3>     |    9.354|
SW<5>          |SEGMENT<4>     |    9.397|
SW<5>          |SEGMENT<5>     |    9.515|
SW<5>          |SEGMENT<6>     |    9.192|
SW<6>          |SEGMENT<0>     |    9.242|
SW<6>          |SEGMENT<1>     |    9.474|
SW<6>          |SEGMENT<2>     |    9.334|
SW<6>          |SEGMENT<3>     |    9.296|
SW<6>          |SEGMENT<4>     |    9.339|
SW<6>          |SEGMENT<5>     |    9.457|
SW<6>          |SEGMENT<6>     |    9.134|
SW<7>          |SEGMENT<0>     |    9.198|
SW<7>          |SEGMENT<1>     |    9.430|
SW<7>          |SEGMENT<2>     |    9.290|
SW<7>          |SEGMENT<3>     |    9.252|
SW<7>          |SEGMENT<4>     |    9.295|
SW<7>          |SEGMENT<5>     |    9.413|
SW<7>          |SEGMENT<6>     |    9.090|
---------------+---------------+---------+


Analysis completed Fri Nov 18 12:21:19 2016 
--------------------------------------------------------------------------------

Trace Settings:
-------------------------
Trace Settings 

Peak Memory Usage: 472 MB



