Running: C:\Xilinx\14.7\ISE_DS\ISE\bin\nt\unwrapped\fuse.exe -intstyle ise -incremental -lib unisims_ver -lib unimacro_ver -lib xilinxcorelib_ver -lib secureip -o E:/3150102238/MyMC14495/MyMC14495_MyMC14495_sch_tb_isim_beh.exe -prj E:/3150102238/MyMC14495/MyMC14495_MyMC14495_sch_tb_beh.prj work.MyMC14495_MyMC14495_sch_tb work.glbl 
ISim P.20131013 (signature 0x8ef4fb42)
Number of CPUs detected in this system: 2
Turning on mult-threading, number of parallel sub-compilation jobs: 4 
Determining compilation order of HDL files
Analyzing Verilog file "E:/3150102238/MyMC14495/MyMC14495.vf" into library work
Analyzing Verilog file "E:/3150102238/MyMC14495/MyMC14495_SIM.v" into library work
Analyzing Verilog file "C:/Xilinx/14.7/ISE_DS/ISE//verilog/src/glbl.v" into library work
Starting static elaboration
Completed static elaboration
Fuse Memory Usage: 105224 KB
Fuse CPU Usage: 389 ms
Compiling module AND4
Compiling module AND3
Compiling module AND2
Compiling module INV
Compiling module OR3
Compiling module OR4
Compiling module OR2
Compiling module MyMC14495
Compiling module MyMC14495_MyMC14495_sch_tb
Compiling module glbl
Time Resolution for simulation is 1ps.
Waiting for 7 sub-compilation(s) to finish...
Compiled 10 Verilog Units
Built simulation executable E:/3150102238/MyMC14495/MyMC14495_MyMC14495_sch_tb_isim_beh.exe
Fuse Memory Usage: 109816 KB
Fuse CPU Usage: 467 ms
